gpasm-1.4.0 #1106 (Oct  6 2014) obj\Release\t   11-10-2022  14:55:41        PAGE  1


LOC    OBJECT CODE    LINE  SOURCE TEXT
  VALUE

                      00001 ;--------------------------------------------------------
                      00002 ; File Created by SDCC : free open source ANSI-C Compiler
                      00003 ; Version 3.5.0 #9253 (Jun 20 2015) (MINGW64)
                      00004 ; This file was generated Thu Nov 10 14:55:40 2022
                      00005 ;--------------------------------------------------------
                      00006 ; PIC port for the 14-bit core
                      00007 ;--------------------------------------------------------
                      00008 ;       .file   "tif_prg.c"
                      00009         list    p=16f877a
                      00010         radix dec
                      00011         include "p16f877a.inc"
                      00001         LIST
                      00002 
                      00003 ;==========================================================================
                      00004 ; Build date : Aug 07 2014
                      00005 ;  MPASM PIC16F877A processor include
                      00006 ; 
                      00007 ;  (c) Copyright 1999-2014 Microchip Technology, All rights reserved
                      00008 ;==========================================================================
                      00009 
                      00567         LIST
                      00012 ;--------------------------------------------------------
                      00013 ; external declarations
                      00014 ;--------------------------------------------------------
  0000                00015         extern  _DIO_u8ReadChannel
  0000                00016         extern  _DIO_vidWriteChannel
  0000                00017         extern  _DIO_vidWritePort
  0000                00018         extern  _SSD_vidInit
  0000                00019         extern  _SSD_vidTask
  0000                00020         extern  _SSD_SetDisplayedNumber
                      00021 
  0000                00022         extern PSAVE
  0000                00023         extern SSAVE
  0000                00024         extern WSAVE
  0000                00025         extern STK12
  0000                00026         extern STK11
  0000                00027         extern STK10
  0000                00028         extern STK09
  0000                00029         extern STK08
  0000                00030         extern STK07
  0000                00031         extern STK06
  0000                00032         extern STK05
  0000                00033         extern STK04
  0000                00034         extern STK03
  0000                00035         extern STK02
  0000                00036         extern STK01
  0000                00037         extern STK00
                      00038 ;--------------------------------------------------------
                      00039 ; global declarations
                      00040 ;--------------------------------------------------------
  0000                00041         global  _TIF_vidSetMode
  0000                00042         global  _TIF_vidTask
  0000                00043         global  _TIF_vidInit
gpasm-1.4.0 #1106 (Oct  6 2014) obj\Release\t   11-10-2022  14:55:41        PAGE  2


LOC    OBJECT CODE    LINE  SOURCE TEXT
  VALUE

                      00044 
                      00045 ;--------------------------------------------------------
                      00046 ; global definitions
                      00047 ;--------------------------------------------------------
                      00048 ;--------------------------------------------------------
                      00049 ; absolute symbol definitions
                      00050 ;--------------------------------------------------------
                      00051 ;--------------------------------------------------------
                      00052 ; compiler-defined variables
                      00053 ;--------------------------------------------------------
                      00054 UDL_tif_prg_0   udata
0000                  00055 r0x1005 res     1
0001                  00056 r0x1004 res     1
0002                  00057 _enuTiMode      res     1
0003                  00058 _enuTiOldMode   res     1
0004                  00059 _u8TifCounter   res     1
0005                  00060 _enuTifBlinkState       res     1
                      00061 ;--------------------------------------------------------
                      00062 ; initialized data
                      00063 ;--------------------------------------------------------
                      00064 ;--------------------------------------------------------
                      00065 ; overlayable items in internal ram 
                      00066 ;--------------------------------------------------------
                      00067 ;       udata_ovr
                      00068 ;--------------------------------------------------------
                      00069 ; code
                      00070 ;--------------------------------------------------------
                      00071 code_tif_prg    code
                      00072 ;***
                      00073 ;  pBlock Stats: dbName = C
                      00074 ;***
                      00075 ;entry:  _vidBlinkMode  ;Function start
                      00076 ; 2 exit points
                      00077 ;has an exit
                      00078 ;functions called:
                      00079 ;   _SSD_SetDisplayedNumber
                      00080 ;   _SSD_SetDisplayedNumber
                      00081 ;   _SSD_SetDisplayedNumber
                      00082 ;   _SSD_SetDisplayedNumber
                      00083 ;   _SSD_SetDisplayedNumber
                      00084 ;   _SSD_SetDisplayedNumber
                      00085 ;   _SSD_SetDisplayedNumber
                      00086 ;   _SSD_SetDisplayedNumber
                      00087 ;   _SSD_SetDisplayedNumber
                      00088 ;   _SSD_SetDisplayedNumber
                      00089 ;   _SSD_SetDisplayedNumber
                      00090 ;   _SSD_SetDisplayedNumber
                      00091 ;2 compiler assigned registers:
                      00092 ;   r0x1004
                      00093 ;   STK00
                      00094 ;; Starting pCode block
0000                  00095 _vidBlinkMode   ;Function start
                      00096 ; 2 exit points
gpasm-1.4.0 #1106 (Oct  6 2014) obj\Release\t   11-10-2022  14:55:41        PAGE  3


LOC    OBJECT CODE    LINE  SOURCE TEXT
  VALUE

                      00097 ;       .line   162; "tif_prg.c"        static void vidBlinkMode(TIF_enuMode enuBlinkMode)
0000   ???? ????      00098         BANKSEL r0x1004
0002   00??           00099         MOVWF   r0x1004
                      00100 ;       .line   164; "tif_prg.c"        u8TifCounter++;
0003   ???? ????      00101         BANKSEL _u8TifCounter
0005   0A??           00102         INCF    _u8TifCounter,F
                      00103 ;       .line   166; "tif_prg.c"        if(enuTifBlinkState == BLINK_OFF)
0006   ???? ????      00104         BANKSEL _enuTifBlinkState
0008   08??           00105         MOVF    _enuTifBlinkState,W
0009   1D03           00106         BTFSS   STATUS,2
000A   2???           00107         GOTO    _00156_DS_
                      00108 ;;unsigned compare: left < lit(0x1E=30), size=1
                      00109 ;       .line   168; "tif_prg.c"        if(u8TifCounter >= TIF_u8BLINK_OFF_THRESHOLD)
000B   301E           00110         MOVLW   0x1e
000C   ???? ????      00111         BANKSEL _u8TifCounter
000E   02??           00112         SUBWF   _u8TifCounter,W
000F   1C03           00113         BTFSS   STATUS,0
0010   2???           00114         GOTO    _00158_DS_
                      00115 ;;genSkipc:3247: created from rifx:00000000047558B0
                      00116 ;       .line   170; "tif_prg.c"        if(enuBlinkMode == TIF_RIGHT_BLINK_MODE)
0011   ???? ????      00117         BANKSEL r0x1004
0013   08??           00118         MOVF    r0x1004,W
0014   3A01           00119         XORLW   0x01
0015   1D03           00120         BTFSS   STATUS,2
0016   2???           00121         GOTO    _00149_DS_
                      00122 ;       .line   172; "tif_prg.c"        SSD_SetDisplayedNumber(SSD_SEGMENT_LEFT, 18);
0017   3012           00123         MOVLW   0x12
0018   00??           00124         MOVWF   STK00
0019   3001           00125         MOVLW   0x01
001A   ???? ????      00126         PAGESEL _SSD_SetDisplayedNumber
001C   2???           00127         CALL    _SSD_SetDisplayedNumber
001D   ???? ????      00128         PAGESEL $
                      00129 ;       .line   173; "tif_prg.c"        SSD_SetDisplayedNumber(SSD_SEGMENT_RIGHT, TIF_u8BLINK_SIGNAL);
001F   3008           00130         MOVLW   0x08
0020   00??           00131         MOVWF   STK00
0021   3000           00132         MOVLW   0x00
0022   ???? ????      00133         PAGESEL _SSD_SetDisplayedNumber
0024   2???           00134         CALL    _SSD_SetDisplayedNumber
0025   ???? ????      00135         PAGESEL $
0027   2???           00136         GOTO    _00150_DS_
0028                  00137 _00149_DS_
                      00138 ;       .line   177; "tif_prg.c"        SSD_SetDisplayedNumber(SSD_SEGMENT_LEFT, TIF_u8BLINK_SIGNAL);
0028   3008           00139         MOVLW   0x08
0029   00??           00140         MOVWF   STK00
002A   3001           00141         MOVLW   0x01
002B   ???? ????      00142         PAGESEL _SSD_SetDisplayedNumber
002D   2???           00143         CALL    _SSD_SetDisplayedNumber
002E   ???? ????      00144         PAGESEL $
                      00145 ;       .line   178; "tif_prg.c"        SSD_SetDisplayedNumber(SSD_SEGMENT_RIGHT, 18);
0030   3012           00146         MOVLW   0x12
0031   00??           00147         MOVWF   STK00
0032   3000           00148         MOVLW   0x00
0033   ???? ????      00149         PAGESEL _SSD_SetDisplayedNumber
gpasm-1.4.0 #1106 (Oct  6 2014) obj\Release\t   11-10-2022  14:55:41        PAGE  4


LOC    OBJECT CODE    LINE  SOURCE TEXT
  VALUE

0035   2???           00150         CALL    _SSD_SetDisplayedNumber
0036   ???? ????      00151         PAGESEL $
0038                  00152 _00150_DS_
                      00153 ;       .line   180; "tif_prg.c"        enuTifBlinkState = BLINK_ON;
0038   3001           00154         MOVLW   0x01
0039   ???? ????      00155         BANKSEL _enuTifBlinkState
003B   00??           00156         MOVWF   _enuTifBlinkState
                      00157 ;       .line   181; "tif_prg.c"        u8TifCounter     = BTY_u8ZERO;
003C   ???? ????      00158         BANKSEL _u8TifCounter
003E   01??           00159         CLRF    _u8TifCounter
003F   2???           00160         GOTO    _00158_DS_
                      00161 ;;unsigned compare: left < lit(0x1E=30), size=1
0040                  00162 _00156_DS_
                      00163 ;       .line   190; "tif_prg.c"        if(u8TifCounter >= TIF_u8BLINK_OFF_THRESHOLD)
0040   301E           00164         MOVLW   0x1e
0041   ???? ????      00165         BANKSEL _u8TifCounter
0043   02??           00166         SUBWF   _u8TifCounter,W
0044   1C03           00167         BTFSS   STATUS,0
0045   2???           00168         GOTO    _00158_DS_
                      00169 ;;genSkipc:3247: created from rifx:00000000047558B0
                      00170 ;       .line   192; "tif_prg.c"        SSD_SetDisplayedNumber(SSD_SEGMENT_LEFT, 18);
0046   3012           00171         MOVLW   0x12
0047   00??           00172         MOVWF   STK00
0048   3001           00173         MOVLW   0x01
0049   ???? ????      00174         PAGESEL _SSD_SetDisplayedNumber
004B   2???           00175         CALL    _SSD_SetDisplayedNumber
004C   ???? ????      00176         PAGESEL $
                      00177 ;       .line   193; "tif_prg.c"        SSD_SetDisplayedNumber(SSD_SEGMENT_RIGHT, 18);
004E   3012           00178         MOVLW   0x12
004F   00??           00179         MOVWF   STK00
0050   3000           00180         MOVLW   0x00
0051   ???? ????      00181         PAGESEL _SSD_SetDisplayedNumber
0053   2???           00182         CALL    _SSD_SetDisplayedNumber
0054   ???? ????      00183         PAGESEL $
                      00184 ;       .line   194; "tif_prg.c"        enuTifBlinkState = BLINK_OFF;
0056   ???? ????      00185         BANKSEL _enuTifBlinkState
0058   01??           00186         CLRF    _enuTifBlinkState
                      00187 ;       .line   195; "tif_prg.c"        u8TifCounter     = BTY_u8ZERO;
0059   ???? ????      00188         BANKSEL _u8TifCounter
005B   01??           00189         CLRF    _u8TifCounter
005C                  00190 _00158_DS_
005C   0008           00191         RETURN  
                      00192 ; exit point of _vidBlinkMode
                      00193 
                      00194 ;***
                      00195 ;  pBlock Stats: dbName = C
                      00196 ;***
                      00197 ;entry:  _TIF_vidSetMode        ;Function start
                      00198 ; 2 exit points
                      00199 ;has an exit
                      00200 ;1 compiler assigned register :
                      00201 ;   r0x1005
                      00202 ;; Starting pCode block
gpasm-1.4.0 #1106 (Oct  6 2014) obj\Release\t   11-10-2022  14:55:41        PAGE  5


LOC    OBJECT CODE    LINE  SOURCE TEXT
  VALUE

005D                  00203 _TIF_vidSetMode ;Function start
                      00204 ; 2 exit points
                      00205 ;       .line   137; "tif_prg.c"        void TIF_vidSetMode(TIF_enuMode enuTifSetMode)
005D   ???? ????      00206         BANKSEL r0x1005
005F   00??           00207         MOVWF   r0x1005
                      00208 ;;unsigned compare: left < lit(0x3=3), size=1
                      00209 ;       .line   139; "tif_prg.c"        if((enuTifSetMode < TIF_UNDEFINED_MODE) &&
0060   3003           00210         MOVLW   0x03
0061   02??           00211         SUBWF   r0x1005,W
0062   1803           00212         BTFSC   STATUS,0
0063   2???           00213         GOTO    _00134_DS_
                      00214 ;;genSkipc:3247: created from rifx:00000000047558B0
                      00215 ;       .line   140; "tif_prg.c"        (enuTifSetMode != enuTiMode))
0064   ???? ????      00216         BANKSEL _enuTiMode
0066   08??           00217         MOVF    _enuTiMode,W
                      00218 ;       .line   142; "tif_prg.c"        enuTiOldMode = enuTiMode;
0067   ???? ????      00219         BANKSEL r0x1005
0069   06??           00220         XORWF   r0x1005,W
006A   1903           00221         BTFSC   STATUS,2
006B   2???           00222         GOTO    _00134_DS_
006C   ???? ????      00223         BANKSEL _enuTiMode
006E   08??           00224         MOVF    _enuTiMode,W
006F   ???? ????      00225         BANKSEL _enuTiOldMode
0071   00??           00226         MOVWF   _enuTiOldMode
                      00227 ;       .line   143; "tif_prg.c"        u8TifCounter = BTY_u8ZERO;
0072   ???? ????      00228         BANKSEL _u8TifCounter
0074   01??           00229         CLRF    _u8TifCounter
                      00230 ;       .line   144; "tif_prg.c"        enuTifBlinkState = BLINK_OFF;
0075   ???? ????      00231         BANKSEL _enuTifBlinkState
0077   01??           00232         CLRF    _enuTifBlinkState
                      00233 ;       .line   145; "tif_prg.c"        enuTiMode    = enuTifSetMode;
0078   ???? ????      00234         BANKSEL r0x1005
007A   08??           00235         MOVF    r0x1005,W
007B   ???? ????      00236         BANKSEL _enuTiMode
007D   00??           00237         MOVWF   _enuTiMode
007E                  00238 _00134_DS_
007E   0008           00239         RETURN  
                      00240 ; exit point of _TIF_vidSetMode
                      00241 
                      00242 ;***
                      00243 ;  pBlock Stats: dbName = C
                      00244 ;***
                      00245 ;entry:  _TIF_vidTask   ;Function start
                      00246 ; 2 exit points
                      00247 ;has an exit
                      00248 ;functions called:
                      00249 ;   _SSD_SetDisplayedNumber
                      00250 ;   _SSD_SetDisplayedNumber
                      00251 ;   _vidBlinkMode
                      00252 ;   _vidBlinkMode
                      00253 ;   _SSD_SetDisplayedNumber
                      00254 ;   _SSD_SetDisplayedNumber
                      00255 ;   _vidBlinkMode
gpasm-1.4.0 #1106 (Oct  6 2014) obj\Release\t   11-10-2022  14:55:41        PAGE  6


LOC    OBJECT CODE    LINE  SOURCE TEXT
  VALUE

                      00256 ;   _vidBlinkMode
                      00257 ;1 compiler assigned register :
                      00258 ;   STK00
                      00259 ;; Starting pCode block
007F                  00260 _TIF_vidTask    ;Function start
                      00261 ; 2 exit points
                      00262 ;;swapping arguments (AOP_TYPEs 1/3)
                      00263 ;;unsigned compare: left >= lit(0x3=3), size=1
                      00264 ;       .line   102; "tif_prg.c"        switch(enuTiMode)
007F   3003           00265         MOVLW   0x03
0080   ???? ????      00266         BANKSEL _enuTiMode
0082   02??           00267         SUBWF   _enuTiMode,W
0083   1803           00268         BTFSC   STATUS,0
0084   2???           00269         GOTO    _00116_DS_
                      00270 ;;genSkipc:3247: created from rifx:00000000047558B0
0085   30??           00271         MOVLW   HIGH(_00125_DS_)
0086   1283 1303      00272         BANKSEL PCLATH
0088   008A           00273         MOVWF   PCLATH
0089   30??           00274         MOVLW   _00125_DS_
008A   ???? ????      00275         BANKSEL _enuTiMode
008C   07??           00276         ADDWF   _enuTiMode,W
008D   1C03           00277         BTFSS   STATUS,0
008E   2???           00278         GOTO    _00001_DS_
008F   1283 1303      00279         BANKSEL PCLATH
0091   0A8A           00280         INCF    PCLATH,F
0092                  00281 _00001_DS_
0092   0082           00282         MOVWF   PCL
0093                  00283 _00125_DS_
0093   2???           00284         GOTO    _00109_DS_
0094   2???           00285         GOTO    _00112_DS_
0095   2???           00286         GOTO    _00113_DS_
0096                  00287 _00109_DS_
                      00288 ;       .line   107; "tif_prg.c"        if(enuTiMode != enuTiOldMode)
0096   ???? ????      00289         BANKSEL _enuTiOldMode
0098   08??           00290         MOVF    _enuTiOldMode,W
                      00291 ;       .line   109; "tif_prg.c"        SSD_SetDisplayedNumber(SSD_SEGMENT_LEFT, 18);
0099   ???? ????      00292         BANKSEL _enuTiMode
009B   06??           00293         XORWF   _enuTiMode,W
009C   1903           00294         BTFSC   STATUS,2
009D   2???           00295         GOTO    _00116_DS_
009E   3012           00296         MOVLW   0x12
009F   00??           00297         MOVWF   STK00
00A0   3001           00298         MOVLW   0x01
00A1   ???? ????      00299         PAGESEL _SSD_SetDisplayedNumber
00A3   2???           00300         CALL    _SSD_SetDisplayedNumber
00A4   ???? ????      00301         PAGESEL $
                      00302 ;       .line   110; "tif_prg.c"        SSD_SetDisplayedNumber(SSD_SEGMENT_RIGHT, 18);
00A6   3012           00303         MOVLW   0x12
00A7   00??           00304         MOVWF   STK00
00A8   3000           00305         MOVLW   0x00
00A9   ???? ????      00306         PAGESEL _SSD_SetDisplayedNumber
00AB   2???           00307         CALL    _SSD_SetDisplayedNumber
00AC   ???? ????      00308         PAGESEL $
gpasm-1.4.0 #1106 (Oct  6 2014) obj\Release\t   11-10-2022  14:55:41        PAGE  7


LOC    OBJECT CODE    LINE  SOURCE TEXT
  VALUE

                      00309 ;       .line   111; "tif_prg.c"        enuTiOldMode = enuTiMode;
00AE   ???? ????      00310         BANKSEL _enuTiMode
00B0   08??           00311         MOVF    _enuTiMode,W
00B1   ???? ????      00312         BANKSEL _enuTiOldMode
00B3   00??           00313         MOVWF   _enuTiOldMode
                      00314 ;       .line   117; "tif_prg.c"        break;
00B4   2???           00315         GOTO    _00116_DS_
00B5                  00316 _00112_DS_
                      00317 ;       .line   120; "tif_prg.c"        vidBlinkMode(TIF_RIGHT_BLINK_MODE);
00B5   3001           00318         MOVLW   0x01
00B6   2???           00319         CALL    _vidBlinkMode
                      00320 ;       .line   121; "tif_prg.c"        break;
00B7   2???           00321         GOTO    _00116_DS_
00B8                  00322 _00113_DS_
                      00323 ;       .line   124; "tif_prg.c"        vidBlinkMode(TIF_LEFT_BLINK_MODE);
00B8   3002           00324         MOVLW   0x02
00B9   2???           00325         CALL    _vidBlinkMode
00BA                  00326 _00116_DS_
                      00327 ;       .line   129; "tif_prg.c"        }
00BA   0008           00328         RETURN  
                      00329 ; exit point of _TIF_vidTask
                      00330 
                      00331 ;***
                      00332 ;  pBlock Stats: dbName = C
                      00333 ;***
                      00334 ;entry:  _TIF_vidInit   ;Function start
                      00335 ; 2 exit points
                      00336 ;has an exit
                      00337 ;; Starting pCode block
00BB                  00338 _TIF_vidInit    ;Function start
                      00339 ; 2 exit points
                      00340 ;       .line   89; "tif_prg.c" enuTiMode        = TIF_OFF_MODE;
00BB   ???? ????      00341         BANKSEL _enuTiMode
00BD   01??           00342         CLRF    _enuTiMode
                      00343 ;       .line   90; "tif_prg.c" enuTiOldMode     = TIF_OFF_MODE;
00BE   ???? ????      00344         BANKSEL _enuTiOldMode
00C0   01??           00345         CLRF    _enuTiOldMode
                      00346 ;       .line   91; "tif_prg.c" u8TifCounter     = BTY_u8ZERO;
00C1   ???? ????      00347         BANKSEL _u8TifCounter
00C3   01??           00348         CLRF    _u8TifCounter
                      00349 ;       .line   92; "tif_prg.c" enuTifBlinkState = BLINK_OFF;
00C4   ???? ????      00350         BANKSEL _enuTifBlinkState
00C6   01??           00351         CLRF    _enuTifBlinkState
00C7   0008           00352         RETURN  
                      00353 ; exit point of _TIF_vidInit
                      00354 
                      00355 
                      00356 ;       code size estimation:
                      00357 ;         106+   47 =   153 instructions (  400 byte)
                      00358 
                      00359         end
gpasm-1.4.0 #1106 (Oct  6 2014) obj\Release\t   11-10-2022  14:55:41        PAGE  8


SYMBOL TABLE
  LABEL                             VALUE

ACKDT                             00000005
ACKEN                             00000004
ACKSTAT                           00000006
ADCON0                            0000001F
ADCON1                            0000009F
ADCS0                             00000006
ADCS1                             00000007
ADCS2                             00000006
ADDEN                             00000003
ADFM                              00000007
ADIE                              00000006
ADIF                              00000006
ADON                              00000000
ADRESH                            0000001E
ADRESL                            0000009E
BCLIE                             00000003
BCLIF                             00000003
BF                                00000000
BRGH                              00000002
C                                 00000000
C1INV                             00000004
C1OUT                             00000006
C2INV                             00000005
C2OUT                             00000007
CCP1CON                           00000017
CCP1IE                            00000002
CCP1IF                            00000002
CCP1M0                            00000000
CCP1M1                            00000001
CCP1M2                            00000002
CCP1M3                            00000003
CCP1X                             00000005
CCP1Y                             00000004
CCP2CON                           0000001D
CCP2IE                            00000000
CCP2IF                            00000000
CCP2M0                            00000000
CCP2M1                            00000001
CCP2M2                            00000002
CCP2M3                            00000003
CCP2X                             00000005
CCP2Y                             00000004
CCPR1                             00000015
CCPR1H                            00000016
CCPR1L                            00000015
CCPR2                             0000001B
CCPR2H                            0000001C
CCPR2L                            0000001B
CHS0                              00000003
CHS1                              00000004
CHS2                              00000005
CIS                               00000003
CKE                               00000006
gpasm-1.4.0 #1106 (Oct  6 2014) obj\Release\t   11-10-2022  14:55:41        PAGE  9


SYMBOL TABLE
  LABEL                             VALUE 

CKP                               00000004
CM0                               00000000
CM1                               00000001
CM2                               00000002
CMCON                             0000009C
CMIE                              00000006
CMIF                              00000006
CREN                              00000004
CSRC                              00000007
CVR0                              00000000
CVR1                              00000001
CVR2                              00000002
CVR3                              00000003
CVRCON                            0000009D
CVREN                             00000007
CVROE                             00000006
CVRR                              00000005
D                                 00000005
DATA_ADDRESS                      00000005
DC                                00000001
D_A                               00000005
D_NOT_A                           00000005
EEADR                             0000010D
EEADRH                            0000010F
EECON1                            0000018C
EECON2                            0000018D
EEDATA                            0000010C
EEDATH                            0000010E
EEIE                              00000004
EEIF                              00000004
EEPGD                             00000007
F                                 00000001
FERR                              00000002
FSR                               00000004
GCEN                              00000007
GIE                               00000007
GO                                00000002
GO_DONE                           00000002
GO_NOT_DONE                       00000002
I2C_DATA                          00000005
I2C_READ                          00000002
I2C_START                         00000003
I2C_STOP                          00000004
IBF                               00000007
IBOV                              00000005
INDF                              00000000
INTCON                            0000000B
INTE                              00000004
INTEDG                            00000006
INTF                              00000001
IRP                               00000007
NOT_A                             00000005
NOT_ADDRESS                       00000005
gpasm-1.4.0 #1106 (Oct  6 2014) obj\Release\t   11-10-2022  14:55:41        PAGE 10


SYMBOL TABLE
  LABEL                             VALUE 

NOT_BO                            00000000
NOT_BOR                           00000000
NOT_DONE                          00000002
NOT_PD                            00000003
NOT_POR                           00000001
NOT_RBPU                          00000007
NOT_RC8                           00000006
NOT_T1SYNC                        00000002
NOT_TO                            00000004
NOT_TX8                           00000006
NOT_W                             00000002
NOT_WRITE                         00000002
OBF                               00000006
OERR                              00000001
OPTION_REG                        00000081
P                                 00000004
PCFG0                             00000000
PCFG1                             00000001
PCFG2                             00000002
PCFG3                             00000003
PCL                               00000002
PCLATH                            0000000A
PCON                              0000008E
PEIE                              00000006
PEN                               00000002
PIE1                              0000008C
PIE2                              0000008D
PIR1                              0000000C
PIR2                              0000000D
PORTA                             00000005
PORTB                             00000006
PORTC                             00000007
PORTD                             00000008
PORTE                             00000009
PR2                               00000092
PS0                               00000000
PS1                               00000001
PS2                               00000002
PSA                               00000003
PSAVE                             00000000
PSPIE                             00000007
PSPIF                             00000007
PSPMODE                           00000004
R                                 00000002
RA0                               00000000
RA1                               00000001
RA2                               00000002
RA3                               00000003
RA4                               00000004
RA5                               00000005
RB0                               00000000
RB1                               00000001
RB2                               00000002
gpasm-1.4.0 #1106 (Oct  6 2014) obj\Release\t   11-10-2022  14:55:41        PAGE 11


SYMBOL TABLE
  LABEL                             VALUE 

RB3                               00000003
RB4                               00000004
RB5                               00000005
RB6                               00000006
RB7                               00000007
RBIE                              00000003
RBIF                              00000000
RC0                               00000000
RC1                               00000001
RC2                               00000002
RC3                               00000003
RC4                               00000004
RC5                               00000005
RC6                               00000006
RC7                               00000007
RC8_9                             00000006
RC9                               00000006
RCD8                              00000000
RCEN                              00000003
RCIE                              00000005
RCIF                              00000005
RCREG                             0000001A
RCSTA                             00000018
RD                                00000000
RD0                               00000000
RD1                               00000001
RD2                               00000002
RD3                               00000003
RD4                               00000004
RD5                               00000005
RD6                               00000006
RD7                               00000007
RE0                               00000000
RE1                               00000001
RE2                               00000002
READ_WRITE                        00000002
RP0                               00000005
RP1                               00000006
RSEN                              00000001
RX9                               00000006
RX9D                              00000000
R_NOT_W                           00000002
R_W                               00000002
S                                 00000003
SEN                               00000000
SMP                               00000007
SPBRG                             00000099
SPEN                              00000007
SREN                              00000005
SSAVE                             00000000
SSPADD                            00000093
SSPBUF                            00000013
SSPCON                            00000014
gpasm-1.4.0 #1106 (Oct  6 2014) obj\Release\t   11-10-2022  14:55:41        PAGE 12


SYMBOL TABLE
  LABEL                             VALUE 

SSPCON2                           00000091
SSPEN                             00000005
SSPIE                             00000003
SSPIF                             00000003
SSPM0                             00000000
SSPM1                             00000001
SSPM2                             00000002
SSPM3                             00000003
SSPOV                             00000006
SSPSTAT                           00000094
STATUS                            00000003
STK00                             00000000
STK01                             00000000
STK02                             00000000
STK03                             00000000
STK04                             00000000
STK05                             00000000
STK06                             00000000
STK07                             00000000
STK08                             00000000
STK09                             00000000
STK10                             00000000
STK11                             00000000
STK12                             00000000
SYNC                              00000004
T0CS                              00000005
T0IE                              00000005
T0IF                              00000002
T0SE                              00000004
T1CKPS0                           00000004
T1CKPS1                           00000005
T1CON                             00000010
T1INSYNC                          00000002
T1OSCEN                           00000003
T1SYNC                            00000002
T2CKPS0                           00000000
T2CKPS1                           00000001
T2CON                             00000012
TMR0                              00000001
TMR0IE                            00000005
TMR0IF                            00000002
TMR1                              0000000E
TMR1CS                            00000001
TMR1H                             0000000F
TMR1IE                            00000000
TMR1IF                            00000000
TMR1L                             0000000E
TMR1ON                            00000000
TMR2                              00000011
TMR2IE                            00000001
TMR2IF                            00000001
TMR2ON                            00000002
TOUTPS0                           00000003
gpasm-1.4.0 #1106 (Oct  6 2014) obj\Release\t   11-10-2022  14:55:41        PAGE 13


SYMBOL TABLE
  LABEL                             VALUE 

TOUTPS1                           00000004
TOUTPS2                           00000005
TOUTPS3                           00000006
TRISA                             00000085
TRISA0                            00000000
TRISA1                            00000001
TRISA2                            00000002
TRISA3                            00000003
TRISA4                            00000004
TRISA5                            00000005
TRISB                             00000086
TRISB0                            00000000
TRISB1                            00000001
TRISB2                            00000002
TRISB3                            00000003
TRISB4                            00000004
TRISB5                            00000005
TRISB6                            00000006
TRISB7                            00000007
TRISC                             00000087
TRISC0                            00000000
TRISC1                            00000001
TRISC2                            00000002
TRISC3                            00000003
TRISC4                            00000004
TRISC5                            00000005
TRISC6                            00000006
TRISC7                            00000007
TRISD                             00000088
TRISD0                            00000000
TRISD1                            00000001
TRISD2                            00000002
TRISD3                            00000003
TRISD4                            00000004
TRISD5                            00000005
TRISD6                            00000006
TRISD7                            00000007
TRISE                             00000089
TRISE0                            00000000
TRISE1                            00000001
TRISE2                            00000002
TRMT                              00000001
TX8_9                             00000006
TX9                               00000006
TX9D                              00000000
TXD8                              00000000
TXEN                              00000005
TXIE                              00000004
TXIF                              00000004
TXREG                             00000019
TXSTA                             00000098
UA                                00000001
W                                 00000000
gpasm-1.4.0 #1106 (Oct  6 2014) obj\Release\t   11-10-2022  14:55:41        PAGE 14


SYMBOL TABLE
  LABEL                             VALUE 

WCOL                              00000007
WR                                00000001
WREN                              00000002
WRERR                             00000003
WSAVE                             00000000
Z                                 00000002
_00001_DS_                        00000092
_00109_DS_                        00000096
_00112_DS_                        000000B5
_00113_DS_                        000000B8
_00116_DS_                        000000BA
_00125_DS_                        00000093
_00134_DS_                        0000007E
_00149_DS_                        00000028
_00150_DS_                        00000038
_00156_DS_                        00000040
_00158_DS_                        0000005C
_BODEN_OFF                        00003FBF
_BODEN_ON                         00003FFF
_BOREN_OFF                        00003FBF
_BOREN_ON                         00003FFF
_CONFIG                           00002007
_CPD_OFF                          00003FFF
_CPD_ON                           00003EFF
_CP_ALL                           00001FFF
_CP_OFF                           00003FFF
_CP_ON                            00001FFF
_DEBUG_OFF                        00003FFF
_DEBUG_ON                         000037FF
_DEVID1                           00002006
_DIO_u8ReadChannel                00000000
_DIO_vidWriteChannel              00000000
_DIO_vidWritePort                 00000000
_FOSC_EXTRC                       00003FFF
_FOSC_HS                          00003FFE
_FOSC_LP                          00003FFC
_FOSC_XT                          00003FFD
_HS_OSC                           00003FFE
_IDLOC0                           00002000
_IDLOC1                           00002001
_IDLOC2                           00002002
_IDLOC3                           00002003
_LP_OSC                           00003FFC
_LVP_OFF                          00003F7F
_LVP_ON                           00003FFF
_PWRTE_OFF                        00003FFF
_PWRTE_ON                         00003FF7
_RC_OSC                           00003FFF
_SSD_SetDisplayedNumber           00000000
_SSD_vidInit                      00000000
_SSD_vidTask                      00000000
_TIF_vidInit                      000000BB
_TIF_vidSetMode                   0000005D
gpasm-1.4.0 #1106 (Oct  6 2014) obj\Release\t   11-10-2022  14:55:41        PAGE 15


SYMBOL TABLE
  LABEL                             VALUE 

_TIF_vidTask                      0000007F
_WDTE_OFF                         00003FFB
_WDTE_ON                          00003FFF
_WDT_OFF                          00003FFB
_WDT_ON                           00003FFF
_WRT_1FOURTH                      00003BFF
_WRT_256                          00003DFF
_WRT_HALF                         000039FF
_WRT_OFF                          00003FFF
_XT_OSC                           00003FFD
__16F877A                         00000001
__CODE_END                        00001FFF
__CODE_START                      00000000
__COMMON_RAM_END                  0000007F
__COMMON_RAM_START                00000070
__EEPROM_END                      000021FF
__EEPROM_START                    00002100
__VECTOR_INT                      00000004
__VECTOR_RESET                    00000000
_code_tif_prg_001D                0000001D
_code_tif_prg_0025                00000025
_code_tif_prg_002E                0000002E
_code_tif_prg_0036                00000036
_code_tif_prg_004C                0000004C
_code_tif_prg_0054                00000054
_code_tif_prg_00A4                000000A4
_code_tif_prg_00AC                000000AC
_enuTiMode                        00000002
_enuTiOldMode                     00000003
_enuTifBlinkState                 00000005
_u8TifCounter                     00000004
_vidBlinkMode                     00000000
r0x1004                           00000001
r0x1005                           00000000

Errors   :     0
Warnings :     0 reported,     0 suppressed
Messages :     0 reported,     0 suppressed

